2019-05-28 19:34:46 Notice: Notice (8): Undefined offset: 0 in [/home/watcyyzz/public_html/config/Migrations/20170204105058_version360.php, line 395]


2019-05-29 08:39:47 Notice: Notice (8): Undefined index: AX in [/home/watcyyzz/public_html/src/Template/Admin/Options/banner.ctp, line 46]


2019-05-29 08:39:47 Notice: Notice (8): Undefined index: AX in [/home/watcyyzz/public_html/src/Template/Admin/Options/banner.ctp, line 58]


2019-05-29 08:39:47 Notice: Notice (8): Undefined index: CW in [/home/watcyyzz/public_html/src/Template/Admin/Options/banner.ctp, line 46]


2019-05-29 08:39:47 Notice: Notice (8): Undefined index: CW in [/home/watcyyzz/public_html/src/Template/Admin/Options/banner.ctp, line 58]


2019-05-29 08:39:47 Notice: Notice (8): Undefined index: IM in [/home/watcyyzz/public_html/src/Template/Admin/Options/banner.ctp, line 46]


2019-05-29 08:39:47 Notice: Notice (8): Undefined index: IM in [/home/watcyyzz/public_html/src/Template/Admin/Options/banner.ctp, line 58]


2019-05-29 08:39:47 Notice: Notice (8): Undefined index: JE in [/home/watcyyzz/public_html/src/Template/Admin/Options/banner.ctp, line 46]


2019-05-29 08:39:47 Notice: Notice (8): Undefined index: JE in [/home/watcyyzz/public_html/src/Template/Admin/Options/banner.ctp, line 58]


2019-05-29 08:39:47 Notice: Notice (8): Undefined index: XK in [/home/watcyyzz/public_html/src/Template/Admin/Options/banner.ctp, line 46]


2019-05-29 08:39:47 Notice: Notice (8): Undefined index: XK in [/home/watcyyzz/public_html/src/Template/Admin/Options/banner.ctp, line 58]


2019-05-29 08:39:47 Notice: Notice (8): Undefined index: ME in [/home/watcyyzz/public_html/src/Template/Admin/Options/banner.ctp, line 46]


2019-05-29 08:39:47 Notice: Notice (8): Undefined index: ME in [/home/watcyyzz/public_html/src/Template/Admin/Options/banner.ctp, line 58]


2019-05-29 08:39:47 Notice: Notice (8): Undefined index: PS in [/home/watcyyzz/public_html/src/Template/Admin/Options/banner.ctp, line 46]


2019-05-29 08:39:47 Notice: Notice (8): Undefined index: PS in [/home/watcyyzz/public_html/src/Template/Admin/Options/banner.ctp, line 58]


2019-05-29 08:39:47 Notice: Notice (8): Undefined index: RS in [/home/watcyyzz/public_html/src/Template/Admin/Options/banner.ctp, line 46]


2019-05-29 08:39:47 Notice: Notice (8): Undefined index: RS in [/home/watcyyzz/public_html/src/Template/Admin/Options/banner.ctp, line 58]


2019-05-29 08:39:47 Notice: Notice (8): Undefined index: SX in [/home/watcyyzz/public_html/src/Template/Admin/Options/banner.ctp, line 46]


2019-05-29 08:39:47 Notice: Notice (8): Undefined index: SX in [/home/watcyyzz/public_html/src/Template/Admin/Options/banner.ctp, line 58]


2019-05-30 09:52:59 Notice: Notice (8): Undefined index: AX in [/home/watcyyzz/public_html/src/Template/Admin/Options/banner.ctp, line 46]


2019-05-30 09:52:59 Notice: Notice (8): Undefined index: AX in [/home/watcyyzz/public_html/src/Template/Admin/Options/banner.ctp, line 58]


2019-05-30 09:52:59 Notice: Notice (8): Undefined index: CW in [/home/watcyyzz/public_html/src/Template/Admin/Options/banner.ctp, line 46]


2019-05-30 09:52:59 Notice: Notice (8): Undefined index: CW in [/home/watcyyzz/public_html/src/Template/Admin/Options/banner.ctp, line 58]


2019-05-30 09:52:59 Notice: Notice (8): Undefined index: IM in [/home/watcyyzz/public_html/src/Template/Admin/Options/banner.ctp, line 46]


2019-05-30 09:52:59 Notice: Notice (8): Undefined index: IM in [/home/watcyyzz/public_html/src/Template/Admin/Options/banner.ctp, line 58]


2019-05-30 09:52:59 Notice: Notice (8): Undefined index: JE in [/home/watcyyzz/public_html/src/Template/Admin/Options/banner.ctp, line 46]


2019-05-30 09:52:59 Notice: Notice (8): Undefined index: JE in [/home/watcyyzz/public_html/src/Template/Admin/Options/banner.ctp, line 58]


2019-05-30 09:52:59 Notice: Notice (8): Undefined index: XK in [/home/watcyyzz/public_html/src/Template/Admin/Options/banner.ctp, line 46]


2019-05-30 09:52:59 Notice: Notice (8): Undefined index: XK in [/home/watcyyzz/public_html/src/Template/Admin/Options/banner.ctp, line 58]


2019-05-30 09:52:59 Notice: Notice (8): Undefined index: ME in [/home/watcyyzz/public_html/src/Template/Admin/Options/banner.ctp, line 46]


2019-05-30 09:52:59 Notice: Notice (8): Undefined index: ME in [/home/watcyyzz/public_html/src/Template/Admin/Options/banner.ctp, line 58]


2019-05-30 09:52:59 Notice: Notice (8): Undefined index: PS in [/home/watcyyzz/public_html/src/Template/Admin/Options/banner.ctp, line 46]


2019-05-30 09:52:59 Notice: Notice (8): Undefined index: PS in [/home/watcyyzz/public_html/src/Template/Admin/Options/banner.ctp, line 58]


2019-05-30 09:52:59 Notice: Notice (8): Undefined index: RS in [/home/watcyyzz/public_html/src/Template/Admin/Options/banner.ctp, line 46]


2019-05-30 09:52:59 Notice: Notice (8): Undefined index: RS in [/home/watcyyzz/public_html/src/Template/Admin/Options/banner.ctp, line 58]


2019-05-30 09:52:59 Notice: Notice (8): Undefined index: SX in [/home/watcyyzz/public_html/src/Template/Admin/Options/banner.ctp, line 46]


2019-05-30 09:52:59 Notice: Notice (8): Undefined index: SX in [/home/watcyyzz/public_html/src/Template/Admin/Options/banner.ctp, line 58]


2019-05-30 11:19:28 Notice: Notice (8): Undefined offset: 2 in [/home/watcyyzz/public_html/src/Template/Admin/Options/banner.ctp, line 46]


2019-05-30 11:19:28 Notice: Notice (8): Undefined offset: 2 in [/home/watcyyzz/public_html/src/Template/Admin/Options/banner.ctp, line 58]


2019-05-30 11:19:28 Notice: Notice (8): Undefined offset: 2 in [/home/watcyyzz/public_html/src/Template/Admin/Options/banner.ctp, line 46]


2019-05-30 11:19:28 Notice: Notice (8): Undefined offset: 2 in [/home/watcyyzz/public_html/src/Template/Admin/Options/banner.ctp, line 58]


2019-05-30 11:19:28 Notice: Notice (8): Undefined offset: 2 in [/home/watcyyzz/public_html/src/Template/Admin/Options/banner.ctp, line 46]


2019-05-30 11:19:28 Notice: Notice (8): Undefined offset: 2 in [/home/watcyyzz/public_html/src/Template/Admin/Options/banner.ctp, line 58]


2019-05-30 11:19:28 Notice: Notice (8): Undefined offset: 2 in [/home/watcyyzz/public_html/src/Template/Admin/Options/banner.ctp, line 46]


2019-05-30 11:19:28 Notice: Notice (8): Undefined offset: 2 in [/home/watcyyzz/public_html/src/Template/Admin/Options/banner.ctp, line 58]


2019-05-30 11:19:28 Notice: Notice (8): Undefined offset: 2 in [/home/watcyyzz/public_html/src/Template/Admin/Options/banner.ctp, line 46]


2019-05-30 11:19:28 Notice: Notice (8): Undefined offset: 2 in [/home/watcyyzz/public_html/src/Template/Admin/Options/banner.ctp, line 58]


2019-05-30 11:19:28 Notice: Notice (8): Undefined offset: 2 in [/home/watcyyzz/public_html/src/Template/Admin/Options/banner.ctp, line 46]


2019-05-30 11:19:28 Notice: Notice (8): Undefined offset: 2 in [/home/watcyyzz/public_html/src/Template/Admin/Options/banner.ctp, line 58]


2019-05-30 11:19:28 Notice: Notice (8): Undefined offset: 2 in [/home/watcyyzz/public_html/src/Template/Admin/Options/banner.ctp, line 46]


2019-05-30 11:19:28 Notice: Notice (8): Undefined offset: 2 in [/home/watcyyzz/public_html/src/Template/Admin/Options/banner.ctp, line 58]


2019-05-30 11:19:28 Notice: Notice (8): Undefined offset: 2 in [/home/watcyyzz/public_html/src/Template/Admin/Options/banner.ctp, line 46]


2019-05-30 11:19:28 Notice: Notice (8): Undefined offset: 2 in [/home/watcyyzz/public_html/src/Template/Admin/Options/banner.ctp, line 58]


2019-05-30 11:19:28 Notice: Notice (8): Undefined offset: 2 in [/home/watcyyzz/public_html/src/Template/Admin/Options/banner.ctp, line 46]


2019-05-30 11:19:28 Notice: Notice (8): Undefined offset: 2 in [/home/watcyyzz/public_html/src/Template/Admin/Options/banner.ctp, line 58]


2019-05-30 11:23:09 Notice: Notice (8): Undefined offset: 3 in [/home/watcyyzz/public_html/src/Template/Admin/Options/banner.ctp, line 46]


2019-05-30 11:23:09 Notice: Notice (8): Undefined offset: 3 in [/home/watcyyzz/public_html/src/Template/Admin/Options/banner.ctp, line 58]


2019-05-30 11:23:09 Notice: Notice (8): Undefined offset: 3 in [/home/watcyyzz/public_html/src/Template/Admin/Options/banner.ctp, line 46]


2019-05-30 11:23:09 Notice: Notice (8): Undefined offset: 3 in [/home/watcyyzz/public_html/src/Template/Admin/Options/banner.ctp, line 58]


2019-05-30 11:23:09 Notice: Notice (8): Undefined offset: 3 in [/home/watcyyzz/public_html/src/Template/Admin/Options/banner.ctp, line 46]


2019-05-30 11:23:09 Notice: Notice (8): Undefined offset: 3 in [/home/watcyyzz/public_html/src/Template/Admin/Options/banner.ctp, line 58]


2019-05-30 11:23:09 Notice: Notice (8): Undefined offset: 3 in [/home/watcyyzz/public_html/src/Template/Admin/Options/banner.ctp, line 46]


2019-05-30 11:23:09 Notice: Notice (8): Undefined offset: 3 in [/home/watcyyzz/public_html/src/Template/Admin/Options/banner.ctp, line 58]


2019-05-30 11:23:09 Notice: Notice (8): Undefined offset: 3 in [/home/watcyyzz/public_html/src/Template/Admin/Options/banner.ctp, line 46]


2019-05-30 11:23:09 Notice: Notice (8): Undefined offset: 3 in [/home/watcyyzz/public_html/src/Template/Admin/Options/banner.ctp, line 58]


2019-05-30 11:23:09 Notice: Notice (8): Undefined offset: 3 in [/home/watcyyzz/public_html/src/Template/Admin/Options/banner.ctp, line 46]


2019-05-30 11:23:09 Notice: Notice (8): Undefined offset: 3 in [/home/watcyyzz/public_html/src/Template/Admin/Options/banner.ctp, line 58]


2019-05-30 11:23:09 Notice: Notice (8): Undefined offset: 3 in [/home/watcyyzz/public_html/src/Template/Admin/Options/banner.ctp, line 46]


2019-05-30 11:23:09 Notice: Notice (8): Undefined offset: 3 in [/home/watcyyzz/public_html/src/Template/Admin/Options/banner.ctp, line 58]


2019-05-30 11:23:09 Notice: Notice (8): Undefined offset: 3 in [/home/watcyyzz/public_html/src/Template/Admin/Options/banner.ctp, line 46]


2019-05-30 11:23:09 Notice: Notice (8): Undefined offset: 3 in [/home/watcyyzz/public_html/src/Template/Admin/Options/banner.ctp, line 58]


2019-05-30 11:23:09 Notice: Notice (8): Undefined offset: 3 in [/home/watcyyzz/public_html/src/Template/Admin/Options/banner.ctp, line 46]


2019-05-30 11:23:09 Notice: Notice (8): Undefined offset: 3 in [/home/watcyyzz/public_html/src/Template/Admin/Options/banner.ctp, line 58]


2019-06-10 11:56:15 Notice: Notice (8): Undefined index: custom in [/home/watcyyzz/public_html/src/Controller/InvoicesController.php, line 361]


2019-06-10 11:57:36 Notice: Notice (8): Undefined index: custom in [/home/watcyyzz/public_html/src/Controller/InvoicesController.php, line 361]


2019-06-10 12:00:26 Notice: Notice (8): Undefined index: custom in [/home/watcyyzz/public_html/src/Controller/InvoicesController.php, line 361]


2019-06-10 12:05:27 Notice: Notice (8): Undefined index: custom in [/home/watcyyzz/public_html/src/Controller/InvoicesController.php, line 361]


2019-06-10 12:12:43 Notice: Notice (8): Undefined index: custom in [/home/watcyyzz/public_html/src/Controller/InvoicesController.php, line 361]


2019-06-10 12:20:25 Notice: Notice (8): Undefined index: custom in [/home/watcyyzz/public_html/src/Controller/InvoicesController.php, line 361]


2019-06-10 12:28:34 Notice: Notice (8): Undefined index: custom in [/home/watcyyzz/public_html/src/Controller/InvoicesController.php, line 361]


2019-06-10 12:48:48 Notice: Notice (8): Undefined index: custom in [/home/watcyyzz/public_html/src/Controller/InvoicesController.php, line 361]


2019-06-10 13:14:20 Notice: Notice (8): Undefined index: custom in [/home/watcyyzz/public_html/src/Controller/InvoicesController.php, line 361]


2019-06-10 14:06:26 Notice: Notice (8): Undefined index: custom in [/home/watcyyzz/public_html/src/Controller/InvoicesController.php, line 361]


2019-06-10 15:34:46 Notice: Notice (8): Undefined index: custom in [/home/watcyyzz/public_html/src/Controller/InvoicesController.php, line 361]


2019-06-10 18:30:10 Notice: Notice (8): Undefined index: custom in [/home/watcyyzz/public_html/src/Controller/InvoicesController.php, line 361]


2019-06-11 00:11:34 Notice: Notice (8): Undefined index: custom in [/home/watcyyzz/public_html/src/Controller/InvoicesController.php, line 361]


2019-06-11 11:46:59 Notice: Notice (8): Undefined index: custom in [/home/watcyyzz/public_html/src/Controller/InvoicesController.php, line 361]


2019-06-12 05:42:35 Notice: Notice (8): Trying to get property 'title' of non-object in [/home/watcyyzz/public_html/src/Template/Admin/Users/view.ctp, line 86]


2019-06-12 10:36:06 Notice: Notice (8): Undefined index: custom in [/home/watcyyzz/public_html/src/Controller/InvoicesController.php, line 361]


2019-06-13 10:41:03 Notice: Notice (8): Undefined index: custom in [/home/watcyyzz/public_html/src/Controller/InvoicesController.php, line 361]


2019-06-14 10:41:09 Notice: Notice (8): Undefined index: custom in [/home/watcyyzz/public_html/src/Controller/InvoicesController.php, line 361]


2019-06-14 18:31:27 Notice: Notice (8): Undefined index: ad_form_data in [/home/watcyyzz/public_html/src/Controller/LinksController.php, line 253]


